<?xml version="1.0" encoding="UTF-8"?>
<!-- Generated by org.testng.reporters.JUnitReportReporter -->
<testsuite skipped="0" hostname="LP-5CG1225D72" name="Script0.Ckies" tests="1" failures="0" timestamp="2021-08-24T13:06:33 IST" time="23.521" errors="0">
  <testcase name="f" time="23.521" classname="Script0.Ckies"/>
  <system-out/>
</testsuite> <!-- Script0.Ckies -->
